[2024-09-29 20:02:13.551] [info] Using configuration file /home/abir/.config/waybar/config
[2024-09-29 20:02:13.554] [info] Unable to receive desktop appearance: GDBus.Error:org.freedesktop.DBus.Error.UnknownMethod: No such interface “org.freedesktop.portal.Settings” on object at path /org/freedesktop/portal/desktop
[2024-09-29 20:02:13.554] [info] Using CSS file /home/abir/.config/waybar/style.css
[2024-09-29 20:02:13.561] [info] Hyprland IPC starting
[2024-09-29 20:02:13.562] [info] Loading persistent workspaces from Hyprland workspace rules
[2024-09-29 20:02:13.608] [info] Bar configured (width: 1920, height: 37) for output: eDP-1

** (waybar:37601): WARNING **: 20:02:13.614: Status Notifier Item with bus name ':1.266' and object path '/org/ayatana/NotificationItem/nm_applet' is already registered

** (waybar:37601): WARNING **: 20:02:15.010: Status Notifier Item with bus name ':1.266' and object path '/org/ayatana/NotificationItem/nm_applet' is already registered
[2024-12-11 13:17:28.587] [info] Using configuration file /home/abir/.config/waybar/config
[2024-12-11 13:17:28.589] [info] Unable to receive desktop appearance: GDBus.Error:org.freedesktop.DBus.Error.UnknownMethod: No such interface “org.freedesktop.portal.Settings” on object at path /org/freedesktop/portal/desktop
[2024-12-11 13:17:28.590] [info] Using CSS file /home/abir/.config/waybar/style.css
[2024-12-11 13:17:28.598] [info] Hyprland IPC starting
[2024-12-11 13:17:28.599] [info] Loading persistent workspaces from Waybar config
[2024-12-11 13:17:28.599] [info] Loading persistent workspaces from Hyprland workspace rules
[2024-12-11 13:17:28.775] [info] Bar configured (width: 1920, height: 32) for output: eDP-1
[2024-12-11 13:17:58.309] [info] Using configuration file /home/abir/.config/waybar/config
[2024-12-11 13:17:58.311] [info] Unable to receive desktop appearance: GDBus.Error:org.freedesktop.DBus.Error.UnknownMethod: No such interface “org.freedesktop.portal.Settings” on object at path /org/freedesktop/portal/desktop
[2024-12-11 13:17:58.311] [info] Using CSS file /home/abir/.config/waybar/style.css
[2024-12-11 13:17:58.320] [info] Hyprland IPC starting
[2024-12-11 13:17:58.321] [info] Loading persistent workspaces from Waybar config
[2024-12-11 13:17:58.321] [info] Loading persistent workspaces from Hyprland workspace rules
[2024-12-11 13:17:58.365] [info] Bar configured (width: 1920, height: 32) for output: eDP-1
[2024-12-11 13:19:58.263] [info] Hyprland config reloaded, reinitializing hyprland/workspaces module...
[2024-12-11 13:19:58.290] [info] Loading persistent workspaces from Waybar config
[2024-12-11 13:19:58.290] [info] Loading persistent workspaces from Hyprland workspace rules
[2024-12-11 13:20:56.348] [info] Hyprland config reloaded, reinitializing hyprland/workspaces module...
[2024-12-11 13:20:56.381] [info] Loading persistent workspaces from Waybar config
[2024-12-11 13:20:56.381] [info] Loading persistent workspaces from Hyprland workspace rules
Gdk-Message: 13:21:58.250: Error reading events from display: Broken pipe
[2024-12-11 14:17:26.851] [info] Using configuration file /home/abir/.config/waybar/config
[2024-12-11 14:17:26.853] [info] Unable to receive desktop appearance: GDBus.Error:org.freedesktop.DBus.Error.UnknownMethod: No such interface “org.freedesktop.portal.Settings” on object at path /org/freedesktop/portal/desktop
[2024-12-11 14:17:26.853] [info] Using CSS file /home/abir/.config/waybar/style.css
[2024-12-11 14:17:26.861] [info] Hyprland IPC starting
[2024-12-11 14:17:26.862] [info] Loading persistent workspaces from Waybar config
[2024-12-11 14:17:26.863] [info] Loading persistent workspaces from Hyprland workspace rules
[2024-12-11 14:17:26.905] [info] Bar configured (width: 1920, height: 32) for output: eDP-1
[2024-12-11 14:19:05.437] [info] Using configuration file /home/abir/.config/waybar/config
[2024-12-11 14:19:05.439] [info] Unable to receive desktop appearance: GDBus.Error:org.freedesktop.DBus.Error.UnknownMethod: No such interface “org.freedesktop.portal.Settings” on object at path /org/freedesktop/portal/desktop
[2024-12-11 14:19:05.439] [info] Using CSS file /home/abir/.config/waybar/style.css
[2024-12-11 14:19:05.448] [info] Hyprland IPC starting
[2024-12-11 14:19:05.449] [info] Loading persistent workspaces from Waybar config
[2024-12-11 14:19:05.449] [info] Loading persistent workspaces from Hyprland workspace rules
[2024-12-11 14:19:05.492] [info] Bar configured (width: 1920, height: 32) for output: eDP-1
[2024-12-11 14:28:32.315] [info] Using configuration file /home/abir/.config/waybar/config
[2024-12-11 14:28:32.317] [info] Unable to receive desktop appearance: GDBus.Error:org.freedesktop.DBus.Error.UnknownMethod: No such interface “org.freedesktop.portal.Settings” on object at path /org/freedesktop/portal/desktop
[2024-12-11 14:28:32.317] [info] Using CSS file /home/abir/.config/waybar/style.css
[2024-12-11 14:28:32.327] [info] Hyprland IPC starting
[2024-12-11 14:28:32.328] [info] Loading persistent workspaces from Waybar config
[2024-12-11 14:28:32.328] [info] Loading persistent workspaces from Hyprland workspace rules
[2024-12-11 14:28:32.370] [info] Bar configured (width: 1920, height: 32) for output: eDP-1
Gdk-Message: 14:29:13.580: Error reading events from display: Broken pipe
[2025-02-08 14:32:55.823] [info] Using configuration file /home/abir/.config/waybar/config
[2025-02-08 14:32:55.828] [info] Unable to receive desktop appearance: GDBus.Error:org.freedesktop.DBus.Error.UnknownMethod: No such interface “org.freedesktop.portal.Settings” on object at path /org/freedesktop/portal/desktop
[2025-02-08 14:32:55.828] [info] Using CSS file /home/abir/.config/waybar/style.css
[2025-02-08 14:32:55.838] [info] Hyprland IPC starting
[2025-02-08 14:32:55.839] [info] Loading persistent workspaces from Waybar config
[2025-02-08 14:32:55.839] [info] Loading persistent workspaces from Hyprland workspace rules
[2025-02-08 14:32:55.839] [warning] module kernel: Unknown module: kernel
[2025-02-08 14:32:55.879] [info] Bar configured (width: 1920, height: 34) for output: eDP-1

** (waybar:4082): WARNING **: 14:32:55.883: Status Notifier Item with bus name ':1.20' and object path '/org/ayatana/NotificationItem/nm_applet' is already registered
[2025-02-08 14:34:28.581] [info] Hyprland config reloaded, reinitializing hyprland/workspaces module...
[2025-02-08 14:34:28.603] [info] Loading persistent workspaces from Waybar config
[2025-02-08 14:34:28.603] [info] Loading persistent workspaces from Hyprland workspace rules
[2025-02-08 14:44:24.017] [info] Using configuration file /home/abir/.config/waybar/config
[2025-02-08 14:44:24.019] [info] Unable to receive desktop appearance: GDBus.Error:org.freedesktop.DBus.Error.UnknownMethod: No such interface “org.freedesktop.portal.Settings” on object at path /org/freedesktop/portal/desktop
[2025-02-08 14:44:24.019] [info] Using CSS file /home/abir/.config/waybar/style.css
[2025-02-08 14:44:24.030] [info] Hyprland IPC starting
[2025-02-08 14:44:24.031] [info] Loading persistent workspaces from Waybar config
[2025-02-08 14:44:24.031] [info] Loading persistent workspaces from Hyprland workspace rules
[2025-02-08 14:44:24.032] [warning] module kernel: Unknown module: kernel
[2025-02-08 14:44:24.071] [info] Bar configured (width: 1920, height: 34) for output: eDP-1

** (waybar:6001): WARNING **: 14:44:24.075: Status Notifier Item with bus name ':1.20' and object path '/org/ayatana/NotificationItem/nm_applet' is already registered

** (waybar:6001): WARNING **: 14:44:45.011: Status Notifier Item with bus name ':1.20' and object path '/org/ayatana/NotificationItem/nm_applet' is already registered

** (waybar:6001): WARNING **: 14:44:45.011: Status Notifier Item with bus name ':1.75' and object path '/org/ayatana/NotificationItem/azote_status_icon' is already registered

** (waybar:6001): WARNING **: 14:46:05.215: Status Notifier Item with bus name ':1.20' and object path '/org/ayatana/NotificationItem/nm_applet' is already registered
[2025-02-08 14:48:06.632] [info] Using configuration file /home/abir/.config/waybar/config
[2025-02-08 14:48:06.634] [info] Unable to receive desktop appearance: GDBus.Error:org.freedesktop.DBus.Error.UnknownMethod: No such interface “org.freedesktop.portal.Settings” on object at path /org/freedesktop/portal/desktop
[2025-02-08 14:48:06.634] [info] Using CSS file /home/abir/.config/waybar/style.css
[2025-02-08 14:48:06.646] [info] Hyprland IPC starting
[2025-02-08 14:48:06.647] [info] Loading persistent workspaces from Waybar config
[2025-02-08 14:48:06.647] [info] Loading persistent workspaces from Hyprland workspace rules
[2025-02-08 14:48:06.647] [warning] module kernel: Unknown module: kernel
[2025-02-08 14:48:06.688] [info] Bar configured (width: 1920, height: 34) for output: eDP-1

** (waybar:6837): WARNING **: 14:48:06.692: Status Notifier Item with bus name ':1.20' and object path '/org/ayatana/NotificationItem/nm_applet' is already registered
[2025-02-08 14:51:52.114] [info] Using configuration file /home/abir/.config/waybar/config
[2025-02-08 14:51:52.116] [info] Unable to receive desktop appearance: GDBus.Error:org.freedesktop.DBus.Error.UnknownMethod: No such interface “org.freedesktop.portal.Settings” on object at path /org/freedesktop/portal/desktop
[2025-02-08 14:51:52.116] [info] Using CSS file /home/abir/.config/waybar/style.css
[2025-02-08 14:51:52.128] [info] Hyprland IPC starting
[2025-02-08 14:51:52.129] [info] Loading persistent workspaces from Waybar config
[2025-02-08 14:51:52.129] [info] Loading persistent workspaces from Hyprland workspace rules
[2025-02-08 14:51:52.129] [warning] module kernel: Unknown module: kernel
[2025-02-08 14:51:52.174] [info] Bar configured (width: 1920, height: 34) for output: eDP-1

** (waybar:7154): WARNING **: 14:51:52.179: Status Notifier Item with bus name ':1.20' and object path '/org/ayatana/NotificationItem/nm_applet' is already registered
[2025-02-08 14:52:33.134] [info] Using configuration file /home/abir/.config/waybar/config
[2025-02-08 14:52:33.137] [info] Unable to receive desktop appearance: GDBus.Error:org.freedesktop.DBus.Error.UnknownMethod: No such interface “org.freedesktop.portal.Settings” on object at path /org/freedesktop/portal/desktop
[2025-02-08 14:52:33.137] [info] Using CSS file /home/abir/.config/waybar/style.css
[2025-02-08 14:52:33.148] [info] Hyprland IPC starting
[2025-02-08 14:52:33.149] [info] Loading persistent workspaces from Waybar config
[2025-02-08 14:52:33.149] [info] Loading persistent workspaces from Hyprland workspace rules
[2025-02-08 14:52:33.150] [warning] module kernel: Unknown module: kernel
[2025-02-08 14:52:33.191] [info] Bar configured (width: 1920, height: 34) for output: eDP-1

** (waybar:7326): WARNING **: 14:52:33.194: Status Notifier Item with bus name ':1.20' and object path '/org/ayatana/NotificationItem/nm_applet' is already registered
[2025-02-08 14:52:51.176] [info] Using configuration file /home/abir/.config/waybar/config
[2025-02-08 14:52:51.179] [info] Unable to receive desktop appearance: GDBus.Error:org.freedesktop.DBus.Error.UnknownMethod: No such interface “org.freedesktop.portal.Settings” on object at path /org/freedesktop/portal/desktop
[2025-02-08 14:52:51.179] [info] Using CSS file /home/abir/.config/waybar/style.css
[2025-02-08 14:52:51.191] [info] Hyprland IPC starting
[2025-02-08 14:52:51.192] [info] Loading persistent workspaces from Waybar config
[2025-02-08 14:52:51.192] [info] Loading persistent workspaces from Hyprland workspace rules
[2025-02-08 14:52:51.193] [warning] module kernel: Unknown module: kernel
[2025-02-08 14:52:51.237] [info] Bar configured (width: 1920, height: 34) for output: eDP-1

** (waybar:7478): WARNING **: 14:52:51.241: Status Notifier Item with bus name ':1.20' and object path '/org/ayatana/NotificationItem/nm_applet' is already registered
[2025-02-08 14:59:32.675] [info] Using configuration file /home/abir/.config/waybar/config
[2025-02-08 14:59:32.678] [info] Unable to receive desktop appearance: GDBus.Error:org.freedesktop.DBus.Error.UnknownMethod: No such interface “org.freedesktop.portal.Settings” on object at path /org/freedesktop/portal/desktop
[2025-02-08 14:59:32.678] [info] Using CSS file /home/abir/.config/waybar/style.css
[2025-02-08 14:59:32.689] [info] Hyprland IPC starting
[2025-02-08 14:59:32.690] [info] Loading persistent workspaces from Waybar config
[2025-02-08 14:59:32.691] [info] Loading persistent workspaces from Hyprland workspace rules
[2025-02-08 14:59:32.691] [warning] module kernel: Unknown module: kernel
[2025-02-08 14:59:32.730] [info] Bar configured (width: 1920, height: 34) for output: eDP-1

** (waybar:7919): WARNING **: 14:59:32.735: Status Notifier Item with bus name ':1.20' and object path '/org/ayatana/NotificationItem/nm_applet' is already registered
[2025-02-08 15:03:07.696] [info] Using configuration file /home/abir/.config/waybar/config
[2025-02-08 15:03:07.699] [info] Unable to receive desktop appearance: GDBus.Error:org.freedesktop.DBus.Error.UnknownMethod: No such interface “org.freedesktop.portal.Settings” on object at path /org/freedesktop/portal/desktop
[2025-02-08 15:03:07.699] [info] Using CSS file /home/abir/.config/waybar/style.css
[2025-02-08 15:03:07.710] [info] Hyprland IPC starting
[2025-02-08 15:03:07.711] [info] Loading persistent workspaces from Waybar config
[2025-02-08 15:03:07.712] [info] Loading persistent workspaces from Hyprland workspace rules
[2025-02-08 15:03:07.712] [warning] module kernel: Unknown module: kernel
[2025-02-08 15:03:07.753] [info] Bar configured (width: 1920, height: 34) for output: eDP-1

** (waybar:8931): WARNING **: 15:03:07.757: Status Notifier Item with bus name ':1.20' and object path '/org/ayatana/NotificationItem/nm_applet' is already registered
[2025-02-08 15:03:27.829] [info] Using configuration file /home/abir/.config/waybar/config
[2025-02-08 15:03:27.831] [info] Unable to receive desktop appearance: GDBus.Error:org.freedesktop.DBus.Error.UnknownMethod: No such interface “org.freedesktop.portal.Settings” on object at path /org/freedesktop/portal/desktop
[2025-02-08 15:03:27.831] [info] Using CSS file /home/abir/.config/waybar/style.css
[2025-02-08 15:03:27.842] [info] Hyprland IPC starting
[2025-02-08 15:03:27.843] [info] Loading persistent workspaces from Waybar config
[2025-02-08 15:03:27.843] [info] Loading persistent workspaces from Hyprland workspace rules
[2025-02-08 15:03:27.843] [warning] module kernel: Unknown module: kernel
[2025-02-08 15:03:27.883] [info] Bar configured (width: 1920, height: 34) for output: eDP-1

** (waybar:9064): WARNING **: 15:03:27.888: Status Notifier Item with bus name ':1.20' and object path '/org/ayatana/NotificationItem/nm_applet' is already registered
[2025-02-08 15:03:59.781] [info] Using configuration file /home/abir/.config/waybar/config
[2025-02-08 15:03:59.783] [info] Unable to receive desktop appearance: GDBus.Error:org.freedesktop.DBus.Error.UnknownMethod: No such interface “org.freedesktop.portal.Settings” on object at path /org/freedesktop/portal/desktop
[2025-02-08 15:03:59.783] [info] Using CSS file /home/abir/.config/waybar/style.css
[2025-02-08 15:03:59.795] [info] Hyprland IPC starting
[2025-02-08 15:03:59.796] [info] Loading persistent workspaces from Waybar config
[2025-02-08 15:03:59.796] [info] Loading persistent workspaces from Hyprland workspace rules
[2025-02-08 15:03:59.796] [warning] module kernel: Unknown module: kernel
[2025-02-08 15:03:59.839] [info] Bar configured (width: 1920, height: 34) for output: eDP-1

** (waybar:9246): WARNING **: 15:03:59.843: Status Notifier Item with bus name ':1.20' and object path '/org/ayatana/NotificationItem/nm_applet' is already registered
[2025-02-08 15:05:35.945] [info] Using configuration file /home/abir/.config/waybar/config
[2025-02-08 15:05:35.948] [info] Unable to receive desktop appearance: GDBus.Error:org.freedesktop.DBus.Error.UnknownMethod: No such interface “org.freedesktop.portal.Settings” on object at path /org/freedesktop/portal/desktop
[2025-02-08 15:05:35.948] [info] Using CSS file /home/abir/.config/waybar/style.css
[2025-02-08 15:05:35.960] [info] Hyprland IPC starting
[2025-02-08 15:05:35.961] [info] Loading persistent workspaces from Waybar config
[2025-02-08 15:05:35.962] [info] Loading persistent workspaces from Hyprland workspace rules
[2025-02-08 15:05:35.962] [warning] module kernel: Unknown module: kernel
[2025-02-08 15:05:36.008] [info] Bar configured (width: 1920, height: 34) for output: eDP-1

** (waybar:9703): WARNING **: 15:05:36.014: Status Notifier Item with bus name ':1.20' and object path '/org/ayatana/NotificationItem/nm_applet' is already registered
[2025-02-08 15:07:06.724] [info] Using configuration file /home/abir/.config/waybar/config
[2025-02-08 15:07:06.727] [info] Unable to receive desktop appearance: GDBus.Error:org.freedesktop.DBus.Error.UnknownMethod: No such interface “org.freedesktop.portal.Settings” on object at path /org/freedesktop/portal/desktop
[2025-02-08 15:07:06.727] [info] Using CSS file /home/abir/.config/waybar/style.css
[2025-02-08 15:07:06.738] [info] Hyprland IPC starting
[2025-02-08 15:07:06.738] [info] Loading persistent workspaces from Waybar config
[2025-02-08 15:07:06.739] [info] Loading persistent workspaces from Hyprland workspace rules
[2025-02-08 15:07:06.739] [warning] module kernel: Unknown module: kernel
[2025-02-08 15:07:06.897] [info] Bar configured (width: 1920, height: 34) for output: eDP-1

** (waybar:9870): WARNING **: 15:07:06.911: Status Notifier Item with bus name ':1.20' and object path '/org/ayatana/NotificationItem/nm_applet' is already registered
[2025-02-08 15:07:51.095] [info] Using configuration file /home/abir/.config/waybar/config
[2025-02-08 15:07:51.097] [info] Unable to receive desktop appearance: GDBus.Error:org.freedesktop.DBus.Error.UnknownMethod: No such interface “org.freedesktop.portal.Settings” on object at path /org/freedesktop/portal/desktop
[2025-02-08 15:07:51.097] [info] Using CSS file /home/abir/.config/waybar/style.css
[2025-02-08 15:07:51.108] [info] Hyprland IPC starting
[2025-02-08 15:07:51.109] [info] Loading persistent workspaces from Waybar config
[2025-02-08 15:07:51.110] [info] Loading persistent workspaces from Hyprland workspace rules
[2025-02-08 15:07:51.110] [warning] module kernel: Unknown module: kernel
[2025-02-08 15:07:51.270] [info] Bar configured (width: 1920, height: 34) for output: eDP-1

** (waybar:10042): WARNING **: 15:07:51.284: Status Notifier Item with bus name ':1.20' and object path '/org/ayatana/NotificationItem/nm_applet' is already registered
[2025-02-08 15:09:26.081] [info] Using configuration file /home/abir/.config/waybar/config
[2025-02-08 15:09:26.084] [info] Unable to receive desktop appearance: GDBus.Error:org.freedesktop.DBus.Error.UnknownMethod: No such interface “org.freedesktop.portal.Settings” on object at path /org/freedesktop/portal/desktop
[2025-02-08 15:09:26.084] [info] Using CSS file /home/abir/.config/waybar/style.css
[2025-02-08 15:09:26.096] [info] Hyprland IPC starting
[2025-02-08 15:09:26.097] [info] Loading persistent workspaces from Waybar config
[2025-02-08 15:09:26.098] [info] Loading persistent workspaces from Hyprland workspace rules
[2025-02-08 15:09:26.098] [warning] module kernel: Unknown module: kernel
[2025-02-08 15:09:26.263] [info] Bar configured (width: 1920, height: 34) for output: eDP-1

** (waybar:10280): WARNING **: 15:09:26.276: Status Notifier Item with bus name ':1.20' and object path '/org/ayatana/NotificationItem/nm_applet' is already registered
[2025-02-08 15:10:00.297] [info] Using configuration file /home/abir/.config/waybar/config
[2025-02-08 15:10:00.299] [info] Unable to receive desktop appearance: GDBus.Error:org.freedesktop.DBus.Error.UnknownMethod: No such interface “org.freedesktop.portal.Settings” on object at path /org/freedesktop/portal/desktop
[2025-02-08 15:10:00.299] [info] Using CSS file /home/abir/.config/waybar/style.css
[2025-02-08 15:10:00.310] [info] Hyprland IPC starting
[2025-02-08 15:10:00.311] [info] Loading persistent workspaces from Waybar config
[2025-02-08 15:10:00.311] [info] Loading persistent workspaces from Hyprland workspace rules
[2025-02-08 15:10:00.311] [warning] module kernel: Unknown module: kernel
[2025-02-08 15:10:00.468] [info] Bar configured (width: 1920, height: 34) for output: eDP-1

** (waybar:10442): WARNING **: 15:10:00.481: Status Notifier Item with bus name ':1.20' and object path '/org/ayatana/NotificationItem/nm_applet' is already registered

** (waybar:10442): WARNING **: 15:11:35.822: Status Notifier Item with bus name ':1.20' and object path '/org/ayatana/NotificationItem/nm_applet' is already registered

** (waybar:10442): WARNING **: 15:11:36.005: Status Notifier Item with bus name ':1.114' and object path '/org/ayatana/NotificationItem/azote_status_icon' is already registered

** (waybar:10442): WARNING **: 15:11:47.154: Status Notifier Item with bus name ':1.20' and object path '/org/ayatana/NotificationItem/nm_applet' is already registered
[2025-02-08 15:12:42.589] [info] Hyprland config reloaded, reinitializing hyprland/workspaces module...
[2025-02-08 15:12:42.616] [info] Loading persistent workspaces from Waybar config
[2025-02-08 15:12:42.617] [info] Loading persistent workspaces from Hyprland workspace rules
[2025-02-08 15:14:30.376] [info] Hyprland config reloaded, reinitializing hyprland/workspaces module...
[2025-02-08 15:14:30.411] [info] Loading persistent workspaces from Waybar config
[2025-02-08 15:14:30.412] [info] Loading persistent workspaces from Hyprland workspace rules
[2025-02-08 15:16:03.755] [info] Hyprland config reloaded, reinitializing hyprland/workspaces module...
[2025-02-08 15:16:03.779] [info] Loading persistent workspaces from Waybar config
[2025-02-08 15:16:03.780] [info] Loading persistent workspaces from Hyprland workspace rules
[2025-02-08 15:16:21.874] [info] Hyprland config reloaded, reinitializing hyprland/workspaces module...
[2025-02-08 15:16:21.911] [info] Loading persistent workspaces from Waybar config
[2025-02-08 15:16:21.911] [info] Loading persistent workspaces from Hyprland workspace rules
[2025-02-08 15:57:56.271] [info] Hyprland config reloaded, reinitializing hyprland/workspaces module...
[2025-02-08 15:57:56.303] [info] Loading persistent workspaces from Waybar config
[2025-02-08 15:57:56.304] [info] Loading persistent workspaces from Hyprland workspace rules
[2025-02-08 16:03:52.089] [info] Hyprland config reloaded, reinitializing hyprland/workspaces module...
[2025-02-08 16:03:52.114] [info] Loading persistent workspaces from Waybar config
[2025-02-08 16:03:52.114] [info] Loading persistent workspaces from Hyprland workspace rules
[2025-02-08 16:04:12.302] [info] Hyprland config reloaded, reinitializing hyprland/workspaces module...
[2025-02-08 16:04:12.328] [info] Loading persistent workspaces from Waybar config
[2025-02-08 16:04:12.330] [info] Loading persistent workspaces from Hyprland workspace rules
[2025-02-08 16:10:41.308] [info] Hyprland config reloaded, reinitializing hyprland/workspaces module...
[2025-02-08 16:10:41.334] [info] Loading persistent workspaces from Waybar config
[2025-02-08 16:10:41.335] [info] Loading persistent workspaces from Hyprland workspace rules
[2025-02-08 16:10:45.036] [info] Hyprland config reloaded, reinitializing hyprland/workspaces module...
[2025-02-08 16:10:45.066] [info] Loading persistent workspaces from Waybar config
[2025-02-08 16:10:45.066] [info] Loading persistent workspaces from Hyprland workspace rules

** (waybar:10442): WARNING **: 16:10:59.636: Status Notifier Item with bus name ':1.20' and object path '/org/ayatana/NotificationItem/nm_applet' is already registered

** (waybar:10442): WARNING **: 16:10:59.830: Status Notifier Item with bus name ':1.180' and object path '/org/ayatana/NotificationItem/azote_status_icon' is already registered

** (waybar:10442): WARNING **: 16:12:09.510: Status Notifier Item with bus name ':1.20' and object path '/org/ayatana/NotificationItem/nm_applet' is already registered
[2025-02-09 00:06:08.985] [info] Using configuration file /home/abir/.config/waybar/config
[2025-02-09 00:06:08.989] [info] Unable to receive desktop appearance: GDBus.Error:org.freedesktop.DBus.Error.UnknownMethod: No such interface “org.freedesktop.portal.Settings” on object at path /org/freedesktop/portal/desktop
[2025-02-09 00:06:08.989] [info] Using CSS file /home/abir/.config/waybar/style.css
[2025-02-09 00:06:09.001] [info] Hyprland IPC starting
[2025-02-09 00:06:09.002] [info] Loading persistent workspaces from Waybar config
[2025-02-09 00:06:09.003] [info] Loading persistent workspaces from Hyprland workspace rules
[2025-02-09 00:06:09.003] [warning] module kernel: Unknown module: kernel
[2025-02-09 00:06:09.161] [info] Bar configured (width: 1920, height: 34) for output: eDP-1

** (waybar:12095): WARNING **: 00:06:09.174: Status Notifier Item with bus name ':1.54' and object path '/org/ayatana/NotificationItem/nm_applet' is already registered
[2025-02-09 00:06:31.310] [info] Using configuration file /home/abir/.config/waybar/config
[2025-02-09 00:06:31.314] [info] Unable to receive desktop appearance: GDBus.Error:org.freedesktop.DBus.Error.UnknownMethod: No such interface “org.freedesktop.portal.Settings” on object at path /org/freedesktop/portal/desktop
[2025-02-09 00:06:31.314] [info] Using CSS file /home/abir/.config/waybar/style.css
[2025-02-09 00:06:31.330] [info] Hyprland IPC starting
[2025-02-09 00:06:31.331] [info] Loading persistent workspaces from Waybar config
[2025-02-09 00:06:31.332] [info] Loading persistent workspaces from Hyprland workspace rules
[2025-02-09 00:06:31.332] [warning] module kernel: Unknown module: kernel
[2025-02-09 00:06:31.503] [info] Bar configured (width: 1920, height: 58) for output: eDP-1

** (waybar:12277): WARNING **: 00:06:31.517: Status Notifier Item with bus name ':1.54' and object path '/org/ayatana/NotificationItem/nm_applet' is already registered
[2025-02-09 00:07:26.481] [info] Using configuration file /home/abir/.config/waybar/config
[2025-02-09 00:07:26.483] [info] Unable to receive desktop appearance: GDBus.Error:org.freedesktop.DBus.Error.UnknownMethod: No such interface “org.freedesktop.portal.Settings” on object at path /org/freedesktop/portal/desktop
[2025-02-09 00:07:26.483] [info] Using CSS file /home/abir/.config/waybar/style.css
[2025-02-09 00:07:26.495] [info] Hyprland IPC starting
[2025-02-09 00:07:26.496] [info] Loading persistent workspaces from Waybar config
[2025-02-09 00:07:26.496] [info] Loading persistent workspaces from Hyprland workspace rules
[2025-02-09 00:07:26.497] [warning] module kernel: Unknown module: kernel
[2025-02-09 00:07:26.651] [info] Bar configured (width: 1920, height: 37) for output: eDP-1

** (waybar:12474): WARNING **: 00:07:26.666: Status Notifier Item with bus name ':1.54' and object path '/org/ayatana/NotificationItem/nm_applet' is already registered
[2025-02-09 00:08:10.190] [info] Using configuration file /home/abir/.config/waybar/config
[2025-02-09 00:08:10.193] [info] Unable to receive desktop appearance: GDBus.Error:org.freedesktop.DBus.Error.UnknownMethod: No such interface “org.freedesktop.portal.Settings” on object at path /org/freedesktop/portal/desktop
[2025-02-09 00:08:10.193] [info] Using CSS file /home/abir/.config/waybar/style.css
[2025-02-09 00:08:10.204] [info] Hyprland IPC starting
[2025-02-09 00:08:10.205] [info] Loading persistent workspaces from Waybar config
[2025-02-09 00:08:10.206] [info] Loading persistent workspaces from Hyprland workspace rules
[2025-02-09 00:08:10.206] [warning] module kernel: Unknown module: kernel
[2025-02-09 00:08:10.364] [info] Bar configured (width: 1920, height: 37) for output: eDP-1

** (waybar:12648): WARNING **: 00:08:10.377: Status Notifier Item with bus name ':1.54' and object path '/org/ayatana/NotificationItem/nm_applet' is already registered

** (waybar:12648): WARNING **: 00:08:23.018: Status Notifier Item with bus name ':1.54' and object path '/org/ayatana/NotificationItem/nm_applet' is already registered

** (waybar:12648): WARNING **: 00:08:23.019: Status Notifier Item with bus name ':1.174' and object path '/org/ayatana/NotificationItem/azote_status_icon' is already registered
[2025-02-09 00:09:33.187] [info] Using configuration file /home/abir/.config/waybar/config
[2025-02-09 00:09:33.190] [info] Unable to receive desktop appearance: GDBus.Error:org.freedesktop.DBus.Error.UnknownMethod: No such interface “org.freedesktop.portal.Settings” on object at path /org/freedesktop/portal/desktop
[2025-02-09 00:09:33.190] [info] Using CSS file /home/abir/.config/waybar/style.css
[2025-02-09 00:09:33.202] [info] Hyprland IPC starting
[2025-02-09 00:09:33.203] [info] Loading persistent workspaces from Waybar config
[2025-02-09 00:09:33.203] [info] Loading persistent workspaces from Hyprland workspace rules
[2025-02-09 00:09:33.204] [warning] module kernel: Unknown module: kernel
[2025-02-09 00:09:33.360] [info] Bar configured (width: 1920, height: 37) for output: eDP-1

** (waybar:13120): WARNING **: 00:09:33.375: Status Notifier Item with bus name ':1.174' and object path '/org/ayatana/NotificationItem/azote_status_icon' is already registered

** (waybar:13120): WARNING **: 00:09:33.375: Status Notifier Item with bus name ':1.54' and object path '/org/ayatana/NotificationItem/nm_applet' is already registered

** (waybar:13120): WARNING **: 00:16:59.890: Status Notifier Item with bus name ':1.54' and object path '/org/ayatana/NotificationItem/nm_applet' is already registered
Gdk-Message: 00:35:53.118: Error reading events from display: Connection reset by peer
[2025-02-09 21:39:10.507] [info] Using configuration file /home/abir/.config/waybar/config
[2025-02-09 21:39:10.511] [info] Unable to receive desktop appearance: GDBus.Error:org.freedesktop.DBus.Error.UnknownMethod: No such interface “org.freedesktop.portal.Settings” on object at path /org/freedesktop/portal/desktop
[2025-02-09 21:39:10.511] [info] Using CSS file /home/abir/.config/waybar/style.css
[2025-02-09 21:39:10.519] [info] Hyprland IPC starting
[2025-02-09 21:39:10.520] [info] Loading persistent workspaces from Waybar config
[2025-02-09 21:39:10.521] [info] Loading persistent workspaces from Hyprland workspace rules
[2025-02-09 21:39:10.521] [warning] module kernel: Unknown module: kernel
[2025-02-09 21:39:10.668] [info] Bar configured (width: 1920, height: 37) for output: eDP-1

** (waybar:5384): WARNING **: 21:39:10.680: Status Notifier Item with bus name ':1.20' and object path '/org/ayatana/NotificationItem/nm_applet' is already registered

** (waybar:5384): WARNING **: 21:39:23.016: Status Notifier Item with bus name ':1.20' and object path '/org/ayatana/NotificationItem/nm_applet' is already registered

** (waybar:5384): WARNING **: 21:39:23.016: Status Notifier Item with bus name ':1.75' and object path '/org/ayatana/NotificationItem/azote_status_icon' is already registered

** (waybar:5384): WARNING **: 21:39:42.807: Status Notifier Item with bus name ':1.20' and object path '/org/ayatana/NotificationItem/nm_applet' is already registered

** (waybar:5384): WARNING **: 21:53:32.996: Status Notifier Item with bus name ':1.91' and object path '/org/ayatana/NotificationItem/azote_status_icon' is already registered

** (waybar:5384): WARNING **: 21:53:32.996: Status Notifier Item with bus name ':1.20' and object path '/org/ayatana/NotificationItem/nm_applet' is already registered

** (waybar:5384): WARNING **: 21:54:16.385: Status Notifier Item with bus name ':1.20' and object path '/org/ayatana/NotificationItem/nm_applet' is already registered

** (waybar:5384): WARNING **: 22:00:00.282: Status Notifier Item with bus name ':1.20' and object path '/org/ayatana/NotificationItem/nm_applet' is already registered
[2025-02-09 23:02:19.337] [info] Hyprland config reloaded, reinitializing hyprland/workspaces module...
[2025-02-09 23:02:19.364] [info] Loading persistent workspaces from Waybar config
[2025-02-09 23:02:19.365] [info] Loading persistent workspaces from Hyprland workspace rules
[2025-02-09 23:02:32.506] [info] Hyprland config reloaded, reinitializing hyprland/workspaces module...
[2025-02-09 23:02:32.529] [info] Loading persistent workspaces from Waybar config
[2025-02-09 23:02:32.529] [info] Loading persistent workspaces from Hyprland workspace rules
[2025-02-09 23:02:43.258] [info] Hyprland config reloaded, reinitializing hyprland/workspaces module...
[2025-02-09 23:02:43.294] [info] Loading persistent workspaces from Waybar config
[2025-02-09 23:02:43.294] [info] Loading persistent workspaces from Hyprland workspace rules
[2025-02-09 23:02:51.495] [info] Hyprland config reloaded, reinitializing hyprland/workspaces module...
[2025-02-09 23:02:51.527] [info] Loading persistent workspaces from Waybar config
[2025-02-09 23:02:51.527] [info] Loading persistent workspaces from Hyprland workspace rules
[2025-02-09 23:02:54.790] [info] Hyprland config reloaded, reinitializing hyprland/workspaces module...
[2025-02-09 23:02:54.826] [info] Loading persistent workspaces from Waybar config
[2025-02-09 23:02:54.826] [info] Loading persistent workspaces from Hyprland workspace rules

** (waybar:5384): WARNING **: 00:12:13.278: Status Notifier Item with bus name ':1.20' and object path '/org/ayatana/NotificationItem/nm_applet' is already registered

** (waybar:5384): WARNING **: 00:12:13.404: Status Notifier Item with bus name ':1.144' and object path '/org/ayatana/NotificationItem/azote_status_icon' is already registered

** (waybar:5384): WARNING **: 00:12:36.374: Status Notifier Item with bus name ':1.20' and object path '/org/ayatana/NotificationItem/nm_applet' is already registered
Gdk-Message: 00:13:07.662: Error reading events from display: Connection reset by peer
